examples/android/helloworld/app/build/intermediates/manifest_merge_blame_file/debug/manifest-merger-blame-debug-report.txt
1<?xml version="1.0" encoding="utf-8"?>
2<manifest xmlns:android="http://schemas.android.com/apk/res/android"
3    package="com.helloworld"
4    android:versionCode="1"
5    android:versionName="1.0" >
6
7    <uses-sdk
8        android:minSdkVersion="23"
8-->src/main/AndroidManifest.xml
9        android:targetSdkVersion="29" />
9-->src/main/AndroidManifest.xml
10
11    <!-- To auto-complete the email text field in the login form with the user's emails -->
12    <application
12-->src/main/AndroidManifest.xml:7:5-24:19
13        android:name="com.helloworld.TinkApplication"
13-->src/main/AndroidManifest.xml:8:9-40
14        android:allowBackup="true"
14-->src/main/AndroidManifest.xml:9:9-35
15        android:debuggable="true"
16        android:extractNativeLibs="false"
17        android:icon="@mipmap/ic_launcher"
17-->src/main/AndroidManifest.xml:10:9-43
18        android:label="@string/app_name"
18-->src/main/AndroidManifest.xml:11:9-41
19        android:roundIcon="@mipmap/ic_launcher_round"
19-->src/main/AndroidManifest.xml:12:9-54
20        android:supportsRtl="true"
20-->src/main/AndroidManifest.xml:13:9-35
21        android:theme="@style/AppTheme" >
21-->src/main/AndroidManifest.xml:14:9-40
22        <activity
22-->src/main/AndroidManifest.xml:15:9-23:20
23            android:name="com.helloworld.MainActivity"
23-->src/main/AndroidManifest.xml:16:13-41
24            android:label="@string/app_name" >
24-->src/main/AndroidManifest.xml:17:13-45
25            <intent-filter>
25-->src/main/AndroidManifest.xml:18:13-22:29
26                <action android:name="android.intent.action.MAIN" />
26-->src/main/AndroidManifest.xml:19:17-69
26-->src/main/AndroidManifest.xml:19:25-66
27
28                <category android:name="android.intent.category.LAUNCHER" />
28-->src/main/AndroidManifest.xml:21:17-77
28-->src/main/AndroidManifest.xml:21:27-74
29            </intent-filter>
30        </activity>
31
32        <meta-data
32-->[com.android.support:design:26.1.0] AndroidManifest.xml:26:9-28:38
33            android:name="android.support.VERSION"
33-->[com.android.support:design:26.1.0] AndroidManifest.xml:27:13-51
34            android:value="26.1.0" />
34-->[com.android.support:design:26.1.0] AndroidManifest.xml:28:13-35
35        <meta-data
35-->[android.arch.lifecycle:runtime:1.0.0] AndroidManifest.xml:25:9-27:47
36            android:name="android.arch.lifecycle.VERSION"
36-->[android.arch.lifecycle:runtime:1.0.0] AndroidManifest.xml:26:13-58
37            android:value="27.0.0-SNAPSHOT" />
37-->[android.arch.lifecycle:runtime:1.0.0] AndroidManifest.xml:27:13-44
38    </application>
39
40</manifest>